2026-07-01 16:36:51 | INFO | BI | === RUN START ===
2026-07-01 16:36:51 | INFO | BI | project=BI
2026-07-01 16:36:51 | INFO | BI | repo_dir=bintel-01-intro
2026-07-01 16:36:51 | INFO | BI | python=3.14.6
2026-07-01 16:36:51 | INFO | BI | os=Windows 10
2026-07-01 16:36:51 | INFO | BI | shell=powershell
2026-07-01 16:36:51 | INFO | BI | cwd=.
2026-07-01 16:36:51 | INFO | BI | github_actions=False
2026-07-01 16:36:51 | INFO | BI | ========================
2026-07-01 16:36:51 | INFO | BI | START main()
2026-07-01 16:36:51 | INFO | BI | ========================
2026-07-01 16:36:51 | INFO | BI | Raw data:  = data\raw
2026-07-01 16:36:51 | INFO | BI | Customers: = data\raw\customers_data.csv
2026-07-01 16:36:51 | INFO | BI | Products:  = data\raw\products_data.csv
2026-07-01 16:36:51 | INFO | BI | Sales:     = data\raw\sales_data.csv
2026-07-01 16:36:51 | INFO | BI | CALL a function to load each dataset.............
2026-07-01 16:36:51 | INFO | BI | Loading customers from data\raw\customers_data.csv
2026-07-01 16:36:51 | INFO | BI | Loaded: 201 rows, 4 columns
2026-07-01 16:36:51 | INFO | BI | Loading products from data\raw\products_data.csv
2026-07-01 16:36:51 | INFO | BI | Loaded: 100 rows, 4 columns
2026-07-01 16:36:51 | INFO | BI | Loading sales from data\raw\sales_data.csv
2026-07-01 16:36:51 | INFO | BI | Loaded: 2001 rows, 7 columns
2026-07-01 16:36:51 | INFO | BI | CALL a function to get sales by region........
2026-07-01 16:36:51 | INFO | BI | Aggregating sales by region
2026-07-01 16:36:51 | INFO | BI |   Top region: East ($679,700.37)
2026-07-01 16:36:51 | INFO | BI | Returning DataFrame with total sales by region
2026-07-01 16:36:51 | INFO | BI | CALL a function to plot sales by region........
2026-07-01 16:36:51 | INFO | BI | Creating chart: Total Sales by Region
2026-07-01 16:36:53 | INFO | BI | CALL a function to get sales by product category........
2026-07-01 16:36:53 | INFO | BI | Aggregating sales by product category
2026-07-01 16:36:53 | INFO | BI |   Top category: Office ($736,219.75)
2026-07-01 16:36:53 | INFO | BI | CALL a function to plot sales by product category........
2026-07-01 16:36:53 | INFO | BI | Creating chart: Total Sales by Product Category
2026-07-01 16:36:53 | INFO | BI | CALL a function to summarize the datasets........
2026-07-01 16:36:53 | INFO | BI | ========================
2026-07-01 16:36:53 | INFO | BI | SUMMARY
2026-07-01 16:36:53 | INFO | BI | ========================
2026-07-01 16:36:53 | INFO | BI | Customers:  201 rows, 4 columns
2026-07-01 16:36:53 | INFO | BI | Products:   100 rows, 4 columns
2026-07-01 16:36:53 | INFO | BI | Sales:      2001 rows, 7 columns
2026-07-01 16:36:53 | INFO | BI | ========================
2026-07-01 16:36:53 | INFO | BI | ANALYST NOTES:
2026-07-01 16:36:53 | INFO | BI | Note any data quality issues.
2026-07-01 16:36:53 | INFO | BI | We will clean data later.
2026-07-01 16:36:53 | INFO | BI | ========================
2026-07-01 16:36:53 | INFO | BI | CALL a function to show charts........
2026-07-01 16:37:08 | INFO | BI | Workflow complete
2026-07-01 16:37:08 | INFO | BI | CLOSE chart windows to continue.
2026-07-01 16:37:08 | INFO | BI | Terminate this process with CTRL+c as needed.
2026-07-01 16:37:08 | INFO | BI | ========================
2026-07-01 16:37:08 | INFO | BI | Executed successfully!
2026-07-01 16:37:08 | INFO | BI | ========================
2026-07-01 16:44:25 | INFO | BI | === RUN START ===
2026-07-01 16:44:25 | INFO | BI | project=BI
2026-07-01 16:44:25 | INFO | BI | repo_dir=bintel-01-intro
2026-07-01 16:44:25 | INFO | BI | python=3.14.6
2026-07-01 16:44:25 | INFO | BI | os=Windows 10
2026-07-01 16:44:25 | INFO | BI | shell=powershell
2026-07-01 16:44:25 | INFO | BI | cwd=.
2026-07-01 16:44:25 | INFO | BI | github_actions=False
2026-07-01 16:44:25 | INFO | BI | ========================
2026-07-01 16:44:25 | INFO | BI | START main()
2026-07-01 16:44:25 | INFO | BI | ========================
2026-07-01 16:44:25 | INFO | BI | Raw data:  = data\raw
2026-07-01 16:44:25 | INFO | BI | Customers: = data\raw\customers_data.csv
2026-07-01 16:44:25 | INFO | BI | Products:  = data\raw\products_data.csv
2026-07-01 16:44:25 | INFO | BI | Sales:     = data\raw\sales_data.csv
2026-07-01 16:44:25 | INFO | BI | CALL a function to load each dataset.............
2026-07-01 16:44:25 | INFO | BI | Loading customers from data\raw\customers_data.csv
2026-07-01 16:44:25 | INFO | BI | Loaded: 201 rows, 4 columns
2026-07-01 16:44:25 | INFO | BI | Loading products from data\raw\products_data.csv
2026-07-01 16:44:25 | INFO | BI | Loaded: 100 rows, 4 columns
2026-07-01 16:44:25 | INFO | BI | Loading sales from data\raw\sales_data.csv
2026-07-01 16:44:25 | INFO | BI | Loaded: 2001 rows, 7 columns
2026-07-01 16:44:25 | INFO | BI | CALL a function to get sales by region........
2026-07-01 16:44:25 | INFO | BI | Aggregating sales by region
2026-07-01 16:44:25 | INFO | BI |   Top region: East ($679,700.37)
2026-07-01 16:44:25 | INFO | BI | Returning DataFrame with total sales by region
2026-07-01 16:44:25 | INFO | BI | CALL a function to plot sales by region........
2026-07-01 16:44:25 | INFO | BI | Creating chart: Total Sales by Region
2026-07-01 16:44:25 | INFO | BI | CALL a function to get sales by product category........
2026-07-01 16:44:25 | INFO | BI | Aggregating sales by product category
2026-07-01 16:44:25 | INFO | BI |   Top category: Office ($736,219.75)
2026-07-01 16:44:25 | INFO | BI | CALL a function to plot sales by product category........
2026-07-01 16:44:25 | INFO | BI | Creating chart: Total Sales by Product Category
2026-07-01 16:44:25 | INFO | BI | CALL a function to summarize the datasets........
2026-07-01 16:44:25 | INFO | BI | ========================
2026-07-01 16:44:25 | INFO | BI | SUMMARY
2026-07-01 16:44:25 | INFO | BI | ========================
2026-07-01 16:44:25 | INFO | BI | Customers:  201 rows, 4 columns
2026-07-01 16:44:25 | INFO | BI | Products:   100 rows, 4 columns
2026-07-01 16:44:25 | INFO | BI | Sales:      2001 rows, 7 columns
2026-07-01 16:44:25 | INFO | BI | ========================
2026-07-01 16:44:25 | INFO | BI | ANALYST NOTES:
2026-07-01 16:44:25 | INFO | BI | Note any data quality issues.
2026-07-01 16:44:25 | INFO | BI | We will clean data later.
2026-07-01 16:44:25 | INFO | BI | ========================
2026-07-01 16:44:25 | INFO | BI | CALL a function to show charts........
2026-07-01 16:44:29 | INFO | BI | Workflow complete
2026-07-01 16:44:29 | INFO | BI | CLOSE chart windows to continue.
2026-07-01 16:44:29 | INFO | BI | Terminate this process with CTRL+c as needed.
2026-07-01 16:44:29 | INFO | BI | ========================
2026-07-01 16:44:29 | INFO | BI | Executed successfully!
2026-07-01 16:44:29 | INFO | BI | ========================
2026-07-01 17:01:22 | INFO | BI | === RUN START ===
2026-07-01 17:01:22 | INFO | BI | project=BI
2026-07-01 17:01:22 | INFO | BI | repo_dir=bintel-01-intro
2026-07-01 17:01:22 | INFO | BI | python=3.14.6
2026-07-01 17:01:22 | INFO | BI | os=Windows 10
2026-07-01 17:01:22 | INFO | BI | shell=powershell
2026-07-01 17:01:22 | INFO | BI | cwd=.
2026-07-01 17:01:22 | INFO | BI | github_actions=False
2026-07-01 17:01:22 | INFO | BI | ========================
2026-07-01 17:01:22 | INFO | BI | START main()
2026-07-01 17:01:22 | INFO | BI | ========================
2026-07-01 17:01:22 | INFO | BI | Raw data:  = data\raw
2026-07-01 17:01:22 | INFO | BI | Customers: = data\raw\customers_data.csv
2026-07-01 17:01:22 | INFO | BI | Products:  = data\raw\products_data.csv
2026-07-01 17:01:22 | INFO | BI | Sales:     = data\raw\sales_data.csv
2026-07-01 17:01:22 | INFO | BI | CALL a function to load each dataset.............
2026-07-01 17:01:22 | INFO | BI | Loading customers from data\raw\customers_data.csv
2026-07-01 17:01:22 | INFO | BI | Loaded: 201 rows, 4 columns
2026-07-01 17:01:22 | INFO | BI | Loading products from data\raw\products_data.csv
2026-07-01 17:01:22 | INFO | BI | Loaded: 100 rows, 4 columns
2026-07-01 17:01:22 | INFO | BI | Loading sales from data\raw\sales_data.csv
2026-07-01 17:01:22 | INFO | BI | Loaded: 2001 rows, 7 columns
2026-07-01 17:01:22 | INFO | BI | CALL a function to get sales by region........
2026-07-01 17:01:22 | INFO | BI | Aggregating sales by region
2026-07-01 17:01:22 | INFO | BI |   Top region: East ($679,700.37)
2026-07-01 17:01:22 | INFO | BI | Returning DataFrame with total sales by region
2026-07-01 17:01:22 | INFO | BI | CALL a function to plot sales by region........
2026-07-01 17:01:22 | INFO | BI | Creating chart: Total Sales by Region
2026-07-01 17:01:23 | INFO | BI | CALL a function to get sales by product category........
2026-07-01 17:01:23 | INFO | BI | Aggregating sales by product category
2026-07-01 17:01:23 | INFO | BI |   Top category: Office ($736,219.75)
2026-07-01 17:01:23 | INFO | BI | CALL a function to plot sales by product category........
2026-07-01 17:01:23 | INFO | BI | Creating chart: Total Sales by Product Category
2026-07-01 17:01:23 | INFO | BI | CALL a function to summarize the datasets........
2026-07-01 17:01:23 | INFO | BI | ========================
2026-07-01 17:01:23 | INFO | BI | SUMMARY
2026-07-01 17:01:23 | INFO | BI | ========================
2026-07-01 17:01:23 | INFO | BI | Customers:  201 rows, 4 columns
2026-07-01 17:01:23 | INFO | BI | Products:   100 rows, 4 columns
2026-07-01 17:01:23 | INFO | BI | Sales:      2001 rows, 7 columns
2026-07-01 17:01:23 | INFO | BI | ========================
2026-07-01 17:01:23 | INFO | BI | ANALYST NOTES:
2026-07-01 17:01:23 | INFO | BI | Note any data quality issues.
2026-07-01 17:01:23 | INFO | BI | We will clean data later.
2026-07-01 17:01:23 | INFO | BI | ========================
2026-07-01 17:01:23 | INFO | BI | CALL a function to show charts........
2026-07-01 17:01:30 | INFO | BI | Workflow complete
2026-07-01 17:01:30 | INFO | BI | CLOSE chart windows to continue.
2026-07-01 17:01:30 | INFO | BI | Terminate this process with CTRL+c as needed.
2026-07-01 17:01:30 | INFO | BI | ========================
2026-07-01 17:01:30 | INFO | BI | Executed successfully!
2026-07-01 17:01:30 | INFO | BI | ========================
